
**** Build of configuration Debug for project 14-EX-FreeRTOS-Semaphores ****

"C:\\ti\\ccs1010\\ccs\\utils\\bin\\gmake" -k -j 8 all -O 
 
Building file: "../task2.c"
Invoking: ARM Compiler
"C:/ti/ccs1010/ccs/tools/compiler/ti-cgt-arm_20.2.1.LTS/bin/armcl" -mv7M4 --code_state=16 --float_support=FPv4SPD16 -me --include_path="C:/ti/ccs1010/ccs/ccs_base/arm/include" --include_path="C:/ti/ccs1010/ccs/ccs_base/arm/include/CMSIS" --include_path="C:/ti/ccs1010/ccs/tools/compiler/ti-cgt-arm_20.2.1.LTS/include" --include_path="C:/Users/Owner/Desktop/353/code-FreeRTOS/FreeRTOSv10.4.1/FreeRTOS/Source/include" --include_path="C:/Users/Owner/Desktop/353/code-FreeRTOS/FreeRTOSv10.4.1/FreeRTOS/Source/portable/CCS/ARM_CM4F" --include_path="C:/Users/Owner/Desktop/353/code-FreeRTOS/14-EX-FreeRTOS-Semaphores" --advice:power=all --define=__MSP432P401R__ --define=ccs -g --gcc --diag_warning=225 --diag_wrap=off --display_error_number --abi=eabi --preproc_with_compile --preproc_dependency="task2.d_raw"  "../task2.c"
"../task2.c", line 17: warning #552-D: variable "status" was set but never used
"../task2.c", line 23: remark #1532-D: (ULP 5.3) Detected printf() operation(s). Recommend moving them to RAM during run time or not using as these are processing/power intensive
Finished building: "../task2.c"
 
Building file: "../task1.c"
Invoking: ARM Compiler
"C:/ti/ccs1010/ccs/tools/compiler/ti-cgt-arm_20.2.1.LTS/bin/armcl" -mv7M4 --code_state=16 --float_support=FPv4SPD16 -me --include_path="C:/ti/ccs1010/ccs/ccs_base/arm/include" --include_path="C:/ti/ccs1010/ccs/ccs_base/arm/include/CMSIS" --include_path="C:/ti/ccs1010/ccs/tools/compiler/ti-cgt-arm_20.2.1.LTS/include" --include_path="C:/Users/Owner/Desktop/353/code-FreeRTOS/FreeRTOSv10.4.1/FreeRTOS/Source/include" --include_path="C:/Users/Owner/Desktop/353/code-FreeRTOS/FreeRTOSv10.4.1/FreeRTOS/Source/portable/CCS/ARM_CM4F" --include_path="C:/Users/Owner/Desktop/353/code-FreeRTOS/14-EX-FreeRTOS-Semaphores" --advice:power=all --define=__MSP432P401R__ --define=ccs -g --gcc --diag_warning=225 --diag_wrap=off --display_error_number --abi=eabi --preproc_with_compile --preproc_dependency="task1.d_raw"  "../task1.c"
"../task1.c", line 17: warning #552-D: variable "status" was set but never used
"../task1.c", line 24: remark #1532-D: (ULP 5.3) Detected printf() operation(s). Recommend moving them to RAM during run time or not using as these are processing/power intensive
Finished building: "../task1.c"
 
Building target: "14-EX-FreeRTOS-Semaphores.out"
Invoking: ARM Linker
"C:/ti/ccs1010/ccs/tools/compiler/ti-cgt-arm_20.2.1.LTS/bin/armcl" -mv7M4 --code_state=16 --float_support=FPv4SPD16 -me --advice:power=all --define=__MSP432P401R__ --define=ccs -g --gcc --diag_warning=225 --diag_wrap=off --display_error_number --abi=eabi -z -m"14-EX-FreeRTOS-Semaphores.map" --heap_size=1024 --stack_size=512 -i"C:/ti/ccs1010/ccs/ccs_base/arm/include" -i"C:/ti/ccs1010/ccs/tools/compiler/ti-cgt-arm_20.2.1.LTS/lib" -i"C:/ti/ccs1010/ccs/tools/compiler/ti-cgt-arm_20.2.1.LTS/include" --reread_libs --diag_wrap=off --display_error_number --warn_sections --xml_link_info="14-EX-FreeRTOS-Semaphores_linkInfo.xml" --rom_model -o "14-EX-FreeRTOS-Semaphores.out" "./main.obj" "./startup_msp432p401r_ccs.obj" "./system_msp432p401r.obj" "./task1.obj" "./task2.obj" "./FreeRTOS/croutine.obj" "./FreeRTOS/event_groups.obj" "./FreeRTOS/heap_4.obj" "./FreeRTOS/list.obj" "./FreeRTOS/queue.obj" "./FreeRTOS/stream_buffer.obj" "./FreeRTOS/tasks.obj" "./FreeRTOS/timers.obj" "./FreeRTOS/portable/port.obj" "./FreeRTOS/portable/portasm.obj" "../ece353_staff.lib" "../msp432p401r.cmd"  -llibc.a 
<Linking>
remark #10371-D: (ULP 1.1) Detected no uses of low power mode state changing instructions
remark #10372-D: (ULP 4.1) Detected uninitialized Port 1 in this project. Recommend initializing all unused ports to eliminate wasted current consumption on unused pins.
remark #10372-D: (ULP 4.1) Detected uninitialized Port 2 in this project. Recommend initializing all unused ports to eliminate wasted current consumption on unused pins.
remark #10372-D: (ULP 4.1) Detected uninitialized Port 3 in this project. Recommend initializing all unused ports to eliminate wasted current consumption on unused pins.
remark #10372-D: (ULP 4.1) Detected uninitialized Port 4 in this project. Recommend initializing all unused ports to eliminate wasted current consumption on unused pins.
remark #10372-D: (ULP 4.1) Detected uninitialized Port 5 in this project. Recommend initializing all unused ports to eliminate wasted current consumption on unused pins.
remark #10372-D: (ULP 4.1) Detected uninitialized Port 6 in this project. Recommend initializing all unused ports to eliminate wasted current consumption on unused pins.
remark #10372-D: (ULP 4.1) Detected uninitialized Port 7 in this project. Recommend initializing all unused ports to eliminate wasted current consumption on unused pins.
remark #10372-D: (ULP 4.1) Detected uninitialized Port 8 in this project. Recommend initializing all unused ports to eliminate wasted current consumption on unused pins.
remark #10372-D: (ULP 4.1) Detected uninitialized Port 9 in this project. Recommend initializing all unused ports to eliminate wasted current consumption on unused pins.
remark #10372-D: (ULP 4.1) Detected uninitialized Port 10 in this project. Recommend initializing all unused ports to eliminate wasted current consumption on unused pins.
Finished building target: "14-EX-FreeRTOS-Semaphores.out"
 

**** Build Finished ****
