
**** Build of configuration Debug for project FreeRTOS-base ****

"C:\\ti\\ccs1010\\ccs\\utils\\bin\\gmake" -k -j 8 all -O 
 
Building file: "C:/Users/Owner/Desktop/353/code-FreeRTOS/FreeRTOSv10.4.1/FreeRTOS/Source/croutine.c"
Invoking: ARM Compiler
"C:/ti/ccs1010/ccs/tools/compiler/ti-cgt-arm_20.2.1.LTS/bin/armcl" -mv7M4 --code_state=16 --float_support=FPv4SPD16 -me --include_path="C:/ti/ccs1010/ccs/ccs_base/arm/include" --include_path="C:/ti/ccs1010/ccs/ccs_base/arm/include/CMSIS" --include_path="C:/ti/ccs1010/ccs/tools/compiler/ti-cgt-arm_20.2.1.LTS/include" --include_path="C:/Users/Owner/Desktop/353/code-FreeRTOS/FreeRTOSv10.4.1/FreeRTOS/Source/include" --include_path="C:/Users/Owner/Desktop/353/code-FreeRTOS/FreeRTOSv10.4.1/FreeRTOS/Source/portable/CCS/ARM_CM4F" --include_path="C:/Users/Owner/Desktop/353/code-FreeRTOS/FreeRTOS-base" --advice:power=all --define=__MSP432P401R__ --define=ccs -g --gcc --diag_warning=225 --diag_wrap=off --display_error_number --abi=eabi --preproc_with_compile --preproc_dependency="FreeRTOS/croutine.d_raw" --obj_directory="FreeRTOS"  "C:/Users/Owner/Desktop/353/code-FreeRTOS/FreeRTOSv10.4.1/FreeRTOS/Source/croutine.c"
Finished building: "C:/Users/Owner/Desktop/353/code-FreeRTOS/FreeRTOSv10.4.1/FreeRTOS/Source/croutine.c"
 
Building file: "C:/Users/Owner/Desktop/353/code-FreeRTOS/FreeRTOSv10.4.1/FreeRTOS/Source/list.c"
Invoking: ARM Compiler
"C:/ti/ccs1010/ccs/tools/compiler/ti-cgt-arm_20.2.1.LTS/bin/armcl" -mv7M4 --code_state=16 --float_support=FPv4SPD16 -me --include_path="C:/ti/ccs1010/ccs/ccs_base/arm/include" --include_path="C:/ti/ccs1010/ccs/ccs_base/arm/include/CMSIS" --include_path="C:/ti/ccs1010/ccs/tools/compiler/ti-cgt-arm_20.2.1.LTS/include" --include_path="C:/Users/Owner/Desktop/353/code-FreeRTOS/FreeRTOSv10.4.1/FreeRTOS/Source/include" --include_path="C:/Users/Owner/Desktop/353/code-FreeRTOS/FreeRTOSv10.4.1/FreeRTOS/Source/portable/CCS/ARM_CM4F" --include_path="C:/Users/Owner/Desktop/353/code-FreeRTOS/FreeRTOS-base" --advice:power=all --define=__MSP432P401R__ --define=ccs -g --gcc --diag_warning=225 --diag_wrap=off --display_error_number --abi=eabi --preproc_with_compile --preproc_dependency="FreeRTOS/list.d_raw" --obj_directory="FreeRTOS"  "C:/Users/Owner/Desktop/353/code-FreeRTOS/FreeRTOSv10.4.1/FreeRTOS/Source/list.c"
"C:/Users/Owner/Desktop/353/code-FreeRTOS/FreeRTOSv10.4.1/FreeRTOS/Source/list.c", line 163: remark #1527-D: (ULP 2.1) Detected SW delay loop using empty loop. Recommend using a timer module instead
Finished building: "C:/Users/Owner/Desktop/353/code-FreeRTOS/FreeRTOSv10.4.1/FreeRTOS/Source/list.c"
 
Building file: "C:/Users/Owner/Desktop/353/code-FreeRTOS/FreeRTOSv10.4.1/FreeRTOS/Source/portable/MemMang/heap_4.c"
Invoking: ARM Compiler
"C:/ti/ccs1010/ccs/tools/compiler/ti-cgt-arm_20.2.1.LTS/bin/armcl" -mv7M4 --code_state=16 --float_support=FPv4SPD16 -me --include_path="C:/ti/ccs1010/ccs/ccs_base/arm/include" --include_path="C:/ti/ccs1010/ccs/ccs_base/arm/include/CMSIS" --include_path="C:/ti/ccs1010/ccs/tools/compiler/ti-cgt-arm_20.2.1.LTS/include" --include_path="C:/Users/Owner/Desktop/353/code-FreeRTOS/FreeRTOSv10.4.1/FreeRTOS/Source/include" --include_path="C:/Users/Owner/Desktop/353/code-FreeRTOS/FreeRTOSv10.4.1/FreeRTOS/Source/portable/CCS/ARM_CM4F" --include_path="C:/Users/Owner/Desktop/353/code-FreeRTOS/FreeRTOS-base" --advice:power=all --define=__MSP432P401R__ --define=ccs -g --gcc --diag_warning=225 --diag_wrap=off --display_error_number --abi=eabi --preproc_with_compile --preproc_dependency="FreeRTOS/heap_4.d_raw" --obj_directory="FreeRTOS"  "C:/Users/Owner/Desktop/353/code-FreeRTOS/FreeRTOSv10.4.1/FreeRTOS/Source/portable/MemMang/heap_4.c"
"C:/Users/Owner/Desktop/353/code-FreeRTOS/FreeRTOSv10.4.1/FreeRTOS/Source/portable/MemMang/heap_4.c", line 389: remark #1527-D: (ULP 2.1) Detected SW delay loop using empty loop. Recommend using a timer module instead
Finished building: "C:/Users/Owner/Desktop/353/code-FreeRTOS/FreeRTOSv10.4.1/FreeRTOS/Source/portable/MemMang/heap_4.c"
 
Building file: "C:/Users/Owner/Desktop/353/code-FreeRTOS/FreeRTOSv10.4.1/FreeRTOS/Source/event_groups.c"
Invoking: ARM Compiler
"C:/ti/ccs1010/ccs/tools/compiler/ti-cgt-arm_20.2.1.LTS/bin/armcl" -mv7M4 --code_state=16 --float_support=FPv4SPD16 -me --include_path="C:/ti/ccs1010/ccs/ccs_base/arm/include" --include_path="C:/ti/ccs1010/ccs/ccs_base/arm/include/CMSIS" --include_path="C:/ti/ccs1010/ccs/tools/compiler/ti-cgt-arm_20.2.1.LTS/include" --include_path="C:/Users/Owner/Desktop/353/code-FreeRTOS/FreeRTOSv10.4.1/FreeRTOS/Source/include" --include_path="C:/Users/Owner/Desktop/353/code-FreeRTOS/FreeRTOSv10.4.1/FreeRTOS/Source/portable/CCS/ARM_CM4F" --include_path="C:/Users/Owner/Desktop/353/code-FreeRTOS/FreeRTOS-base" --advice:power=all --define=__MSP432P401R__ --define=ccs -g --gcc --diag_warning=225 --diag_wrap=off --display_error_number --abi=eabi --preproc_with_compile --preproc_dependency="FreeRTOS/event_groups.d_raw" --obj_directory="FreeRTOS"  "C:/Users/Owner/Desktop/353/code-FreeRTOS/FreeRTOSv10.4.1/FreeRTOS/Source/event_groups.c"
Finished building: "C:/Users/Owner/Desktop/353/code-FreeRTOS/FreeRTOSv10.4.1/FreeRTOS/Source/event_groups.c"
 
Building file: "../main.c"
Invoking: ARM Compiler
"C:/ti/ccs1010/ccs/tools/compiler/ti-cgt-arm_20.2.1.LTS/bin/armcl" -mv7M4 --code_state=16 --float_support=FPv4SPD16 -me --include_path="C:/ti/ccs1010/ccs/ccs_base/arm/include" --include_path="C:/ti/ccs1010/ccs/ccs_base/arm/include/CMSIS" --include_path="C:/ti/ccs1010/ccs/tools/compiler/ti-cgt-arm_20.2.1.LTS/include" --include_path="C:/Users/Owner/Desktop/353/code-FreeRTOS/FreeRTOSv10.4.1/FreeRTOS/Source/include" --include_path="C:/Users/Owner/Desktop/353/code-FreeRTOS/FreeRTOSv10.4.1/FreeRTOS/Source/portable/CCS/ARM_CM4F" --include_path="C:/Users/Owner/Desktop/353/code-FreeRTOS/FreeRTOS-base" --advice:power=all --define=__MSP432P401R__ --define=ccs -g --gcc --diag_warning=225 --diag_wrap=off --display_error_number --abi=eabi --preproc_with_compile --preproc_dependency="main.d_raw"  "../main.c"
"../main.c", line 87: remark #1527-D: (ULP 2.1) Detected SW delay loop using empty loop. Recommend using a timer module instead
"../main.c", line 93: remark #1527-D: (ULP 2.1) Detected SW delay loop using empty loop. Recommend using a timer module instead
"../main.c", line 109: remark #1527-D: (ULP 2.1) Detected SW delay loop using empty loop. Recommend using a timer module instead
"../main.c", line 115: remark #1527-D: (ULP 2.1) Detected SW delay loop using empty loop. Recommend using a timer module instead
"../main.c", line 150: warning #112-D: statement is unreachable
"../main.c", line 149: remark #1527-D: (ULP 2.1) Detected SW delay loop using empty loop. Recommend using a timer module instead
"../main.c", line 165: remark #1527-D: (ULP 2.1) Detected SW delay loop using empty loop. Recommend using a timer module instead
"../main.c", line 182: remark #1527-D: (ULP 2.1) Detected SW delay loop using empty loop. Recommend using a timer module instead
Finished building: "../main.c"
 
Building file: "C:/Users/Owner/Desktop/353/code-FreeRTOS/FreeRTOSv10.4.1/FreeRTOS/Source/stream_buffer.c"
Invoking: ARM Compiler
"C:/ti/ccs1010/ccs/tools/compiler/ti-cgt-arm_20.2.1.LTS/bin/armcl" -mv7M4 --code_state=16 --float_support=FPv4SPD16 -me --include_path="C:/ti/ccs1010/ccs/ccs_base/arm/include" --include_path="C:/ti/ccs1010/ccs/ccs_base/arm/include/CMSIS" --include_path="C:/ti/ccs1010/ccs/tools/compiler/ti-cgt-arm_20.2.1.LTS/include" --include_path="C:/Users/Owner/Desktop/353/code-FreeRTOS/FreeRTOSv10.4.1/FreeRTOS/Source/include" --include_path="C:/Users/Owner/Desktop/353/code-FreeRTOS/FreeRTOSv10.4.1/FreeRTOS/Source/portable/CCS/ARM_CM4F" --include_path="C:/Users/Owner/Desktop/353/code-FreeRTOS/FreeRTOS-base" --advice:power=all --define=__MSP432P401R__ --define=ccs -g --gcc --diag_warning=225 --diag_wrap=off --display_error_number --abi=eabi --preproc_with_compile --preproc_dependency="FreeRTOS/stream_buffer.d_raw" --obj_directory="FreeRTOS"  "C:/Users/Owner/Desktop/353/code-FreeRTOS/FreeRTOSv10.4.1/FreeRTOS/Source/stream_buffer.c"
"C:/Users/Owner/Desktop/353/code-FreeRTOS/FreeRTOSv10.4.1/FreeRTOS/Source/stream_buffer.c", line 1160: remark #1542-D: (ULP 12.1) Detected memcpy() and recommend using DMA instead if greater than 100 words being transferred
"C:/Users/Owner/Desktop/353/code-FreeRTOS/FreeRTOSv10.4.1/FreeRTOS/Source/stream_buffer.c", line 1168: remark #1542-D: (ULP 12.1) Detected memcpy() and recommend using DMA instead if greater than 100 words being transferred
"C:/Users/Owner/Desktop/353/code-FreeRTOS/FreeRTOSv10.4.1/FreeRTOS/Source/stream_buffer.c", line 1215: remark #1542-D: (ULP 12.1) Detected memcpy() and recommend using DMA instead if greater than 100 words being transferred
"C:/Users/Owner/Desktop/353/code-FreeRTOS/FreeRTOSv10.4.1/FreeRTOS/Source/stream_buffer.c", line 1223: remark #1542-D: (ULP 12.1) Detected memcpy() and recommend using DMA instead if greater than 100 words being transferred
Finished building: "C:/Users/Owner/Desktop/353/code-FreeRTOS/FreeRTOSv10.4.1/FreeRTOS/Source/stream_buffer.c"
 
Building file: "C:/Users/Owner/Desktop/353/code-FreeRTOS/FreeRTOSv10.4.1/FreeRTOS/Source/queue.c"
Invoking: ARM Compiler
"C:/ti/ccs1010/ccs/tools/compiler/ti-cgt-arm_20.2.1.LTS/bin/armcl" -mv7M4 --code_state=16 --float_support=FPv4SPD16 -me --include_path="C:/ti/ccs1010/ccs/ccs_base/arm/include" --include_path="C:/ti/ccs1010/ccs/ccs_base/arm/include/CMSIS" --include_path="C:/ti/ccs1010/ccs/tools/compiler/ti-cgt-arm_20.2.1.LTS/include" --include_path="C:/Users/Owner/Desktop/353/code-FreeRTOS/FreeRTOSv10.4.1/FreeRTOS/Source/include" --include_path="C:/Users/Owner/Desktop/353/code-FreeRTOS/FreeRTOSv10.4.1/FreeRTOS/Source/portable/CCS/ARM_CM4F" --include_path="C:/Users/Owner/Desktop/353/code-FreeRTOS/FreeRTOS-base" --advice:power=all --define=__MSP432P401R__ --define=ccs -g --gcc --diag_warning=225 --diag_wrap=off --display_error_number --abi=eabi --preproc_with_compile --preproc_dependency="FreeRTOS/queue.d_raw" --obj_directory="FreeRTOS"  "C:/Users/Owner/Desktop/353/code-FreeRTOS/FreeRTOSv10.4.1/FreeRTOS/Source/queue.c"
"C:/Users/Owner/Desktop/353/code-FreeRTOS/FreeRTOSv10.4.1/FreeRTOS/Source/queue.c", line 2153: remark #1542-D: (ULP 12.1) Detected memcpy() and recommend using DMA instead if greater than 100 words being transferred
"C:/Users/Owner/Desktop/353/code-FreeRTOS/FreeRTOSv10.4.1/FreeRTOS/Source/queue.c", line 2167: remark #1542-D: (ULP 12.1) Detected memcpy() and recommend using DMA instead if greater than 100 words being transferred
"C:/Users/Owner/Desktop/353/code-FreeRTOS/FreeRTOSv10.4.1/FreeRTOS/Source/queue.c", line 2222: remark #1542-D: (ULP 12.1) Detected memcpy() and recommend using DMA instead if greater than 100 words being transferred
"C:/Users/Owner/Desktop/353/code-FreeRTOS/FreeRTOSv10.4.1/FreeRTOS/Source/queue.c", line 2308: remark #2624-D: (ULP 5.4) Detected an assignment to a type with size less than int. To avoid unnecessary sign extension, use int-sized types for local varaibles and convert to smaller types for static storage.
"C:/Users/Owner/Desktop/353/code-FreeRTOS/FreeRTOSv10.4.1/FreeRTOS/Source/queue.c", line 2333: remark #2624-D: (ULP 5.4) Detected an assignment to a type with size less than int. To avoid unnecessary sign extension, use int-sized types for local varaibles and convert to smaller types for static storage.
"C:/Users/Owner/Desktop/353/code-FreeRTOS/FreeRTOSv10.4.1/FreeRTOS/Source/queue.c", line 2308: remark #2624-D: (ULP 5.4) Detected an assignment to a type with size less than int. To avoid unnecessary sign extension, use int-sized types for local varaibles and convert to smaller types for static storage.
"C:/Users/Owner/Desktop/353/code-FreeRTOS/FreeRTOSv10.4.1/FreeRTOS/Source/queue.c", line 2333: remark #2624-D: (ULP 5.4) Detected an assignment to a type with size less than int. To avoid unnecessary sign extension, use int-sized types for local varaibles and convert to smaller types for static storage.
Finished building: "C:/Users/Owner/Desktop/353/code-FreeRTOS/FreeRTOSv10.4.1/FreeRTOS/Source/queue.c"
 
Building file: "C:/Users/Owner/Desktop/353/code-FreeRTOS/FreeRTOSv10.4.1/FreeRTOS/Source/portable/CCS/ARM_CM4F/port.c"
Invoking: ARM Compiler
"C:/ti/ccs1010/ccs/tools/compiler/ti-cgt-arm_20.2.1.LTS/bin/armcl" -mv7M4 --code_state=16 --float_support=FPv4SPD16 -me --include_path="C:/ti/ccs1010/ccs/ccs_base/arm/include" --include_path="C:/ti/ccs1010/ccs/ccs_base/arm/include/CMSIS" --include_path="C:/ti/ccs1010/ccs/tools/compiler/ti-cgt-arm_20.2.1.LTS/include" --include_path="C:/Users/Owner/Desktop/353/code-FreeRTOS/FreeRTOSv10.4.1/FreeRTOS/Source/include" --include_path="C:/Users/Owner/Desktop/353/code-FreeRTOS/FreeRTOSv10.4.1/FreeRTOS/Source/portable/CCS/ARM_CM4F" --include_path="C:/Users/Owner/Desktop/353/code-FreeRTOS/FreeRTOS-base" --advice:power=all --define=__MSP432P401R__ --define=ccs -g --gcc --diag_warning=225 --diag_wrap=off --display_error_number --abi=eabi --preproc_with_compile --preproc_dependency="FreeRTOS/portable/port.d_raw" --obj_directory="FreeRTOS/portable"  "C:/Users/Owner/Desktop/353/code-FreeRTOS/FreeRTOSv10.4.1/FreeRTOS/Source/portable/CCS/ARM_CM4F/port.c"
"C:/Users/Owner/Desktop/353/code-FreeRTOS/FreeRTOSv10.4.1/FreeRTOS/Source/portable/CCS/ARM_CM4F/port.c", line 263: remark #2624-D: (ULP 5.4) Detected an assignment to a type with size less than int. To avoid unnecessary sign extension, use int-sized types for local varaibles and convert to smaller types for static storage.
"C:/Users/Owner/Desktop/353/code-FreeRTOS/FreeRTOSv10.4.1/FreeRTOS/Source/portable/CCS/ARM_CM4F/port.c", line 263: remark #2624-D: (ULP 5.4) Detected an assignment to a type with size less than int. To avoid unnecessary sign extension, use int-sized types for local varaibles and convert to smaller types for static storage.
"C:/Users/Owner/Desktop/353/code-FreeRTOS/FreeRTOSv10.4.1/FreeRTOS/Source/portable/CCS/ARM_CM4F/port.c", line 170: remark #1534-D: (ULP 7.1) Detected use of global variable "pcInterruptPriorityRegisters" within one function "vPortValidateInterruptPriority". Recommend placing variable in the function locally
Finished building: "C:/Users/Owner/Desktop/353/code-FreeRTOS/FreeRTOSv10.4.1/FreeRTOS/Source/portable/CCS/ARM_CM4F/port.c"
 
Building file: "C:/Users/Owner/Desktop/353/code-FreeRTOS/FreeRTOSv10.4.1/FreeRTOS/Source/timers.c"
Invoking: ARM Compiler
"C:/ti/ccs1010/ccs/tools/compiler/ti-cgt-arm_20.2.1.LTS/bin/armcl" -mv7M4 --code_state=16 --float_support=FPv4SPD16 -me --include_path="C:/ti/ccs1010/ccs/ccs_base/arm/include" --include_path="C:/ti/ccs1010/ccs/ccs_base/arm/include/CMSIS" --include_path="C:/ti/ccs1010/ccs/tools/compiler/ti-cgt-arm_20.2.1.LTS/include" --include_path="C:/Users/Owner/Desktop/353/code-FreeRTOS/FreeRTOSv10.4.1/FreeRTOS/Source/include" --include_path="C:/Users/Owner/Desktop/353/code-FreeRTOS/FreeRTOSv10.4.1/FreeRTOS/Source/portable/CCS/ARM_CM4F" --include_path="C:/Users/Owner/Desktop/353/code-FreeRTOS/FreeRTOS-base" --advice:power=all --define=__MSP432P401R__ --define=ccs -g --gcc --diag_warning=225 --diag_wrap=off --display_error_number --abi=eabi --preproc_with_compile --preproc_dependency="FreeRTOS/timers.d_raw" --obj_directory="FreeRTOS"  "C:/Users/Owner/Desktop/353/code-FreeRTOS/FreeRTOSv10.4.1/FreeRTOS/Source/timers.c"
"C:/Users/Owner/Desktop/353/code-FreeRTOS/FreeRTOSv10.4.1/FreeRTOS/Source/timers.c", line 134: remark #1534-D: (ULP 7.1) Detected use of global variable "xActiveTimerList1" within one function "prvCheckForValidListAndQueue". Recommend placing variable in the function locally
"C:/Users/Owner/Desktop/353/code-FreeRTOS/FreeRTOSv10.4.1/FreeRTOS/Source/timers.c", line 135: remark #1534-D: (ULP 7.1) Detected use of global variable "xActiveTimerList2" within one function "prvCheckForValidListAndQueue". Recommend placing variable in the function locally
Finished building: "C:/Users/Owner/Desktop/353/code-FreeRTOS/FreeRTOSv10.4.1/FreeRTOS/Source/timers.c"
 
Building file: "C:/Users/Owner/Desktop/353/code-FreeRTOS/FreeRTOSv10.4.1/FreeRTOS/Source/tasks.c"
Invoking: ARM Compiler
"C:/ti/ccs1010/ccs/tools/compiler/ti-cgt-arm_20.2.1.LTS/bin/armcl" -mv7M4 --code_state=16 --float_support=FPv4SPD16 -me --include_path="C:/ti/ccs1010/ccs/ccs_base/arm/include" --include_path="C:/ti/ccs1010/ccs/ccs_base/arm/include/CMSIS" --include_path="C:/ti/ccs1010/ccs/tools/compiler/ti-cgt-arm_20.2.1.LTS/include" --include_path="C:/Users/Owner/Desktop/353/code-FreeRTOS/FreeRTOSv10.4.1/FreeRTOS/Source/include" --include_path="C:/Users/Owner/Desktop/353/code-FreeRTOS/FreeRTOSv10.4.1/FreeRTOS/Source/portable/CCS/ARM_CM4F" --include_path="C:/Users/Owner/Desktop/353/code-FreeRTOS/FreeRTOS-base" --advice:power=all --define=__MSP432P401R__ --define=ccs -g --gcc --diag_warning=225 --diag_wrap=off --display_error_number --abi=eabi --preproc_with_compile --preproc_dependency="FreeRTOS/tasks.d_raw" --obj_directory="FreeRTOS"  "C:/Users/Owner/Desktop/353/code-FreeRTOS/FreeRTOSv10.4.1/FreeRTOS/Source/tasks.c"
"C:/Users/Owner/Desktop/353/code-FreeRTOS/FreeRTOSv10.4.1/FreeRTOS/Source/tasks.c", line 345: remark #1534-D: (ULP 7.1) Detected use of global variable "xDelayedTaskList1" within one function "prvInitialiseTaskLists". Recommend placing variable in the function locally
"C:/Users/Owner/Desktop/353/code-FreeRTOS/FreeRTOSv10.4.1/FreeRTOS/Source/tasks.c", line 346: remark #1534-D: (ULP 7.1) Detected use of global variable "xDelayedTaskList2" within one function "prvInitialiseTaskLists". Recommend placing variable in the function locally
"C:/Users/Owner/Desktop/353/code-FreeRTOS/FreeRTOSv10.4.1/FreeRTOS/Source/tasks.c", line 380: remark #1534-D: (ULP 7.1) Detected use of global variable "xIdleTaskHandle" within one function "vTaskStartScheduler". Recommend placing variable in the function locally
Finished building: "C:/Users/Owner/Desktop/353/code-FreeRTOS/FreeRTOSv10.4.1/FreeRTOS/Source/tasks.c"
 
Building target: "FreeRTOS-base.out"
Invoking: ARM Linker
"C:/ti/ccs1010/ccs/tools/compiler/ti-cgt-arm_20.2.1.LTS/bin/armcl" -mv7M4 --code_state=16 --float_support=FPv4SPD16 -me --advice:power=all --define=__MSP432P401R__ --define=ccs -g --gcc --diag_warning=225 --diag_wrap=off --display_error_number --abi=eabi -z -m"FreeRTOS-base.map" --heap_size=1024 --stack_size=512 -i"C:/ti/ccs1010/ccs/ccs_base/arm/include" -i"C:/ti/ccs1010/ccs/tools/compiler/ti-cgt-arm_20.2.1.LTS/lib" -i"C:/ti/ccs1010/ccs/tools/compiler/ti-cgt-arm_20.2.1.LTS/include" --reread_libs --diag_wrap=off --display_error_number --warn_sections --xml_link_info="FreeRTOS-base_linkInfo.xml" --rom_model -o "FreeRTOS-base.out" "./main.obj" "./startup_msp432p401r_ccs.obj" "./system_msp432p401r.obj" "./FreeRTOS/croutine.obj" "./FreeRTOS/event_groups.obj" "./FreeRTOS/heap_4.obj" "./FreeRTOS/list.obj" "./FreeRTOS/queue.obj" "./FreeRTOS/stream_buffer.obj" "./FreeRTOS/tasks.obj" "./FreeRTOS/timers.obj" "./FreeRTOS/portable/port.obj" "./FreeRTOS/portable/portasm.obj" "../msp432p401r.cmd"  -llibc.a 
<Linking>
remark #10371-D: (ULP 1.1) Detected no uses of low power mode state changing instructions
remark #10372-D: (ULP 4.1) Detected uninitialized Port 1 in this project. Recommend initializing all unused ports to eliminate wasted current consumption on unused pins.
remark #10372-D: (ULP 4.1) Detected uninitialized Port 2 in this project. Recommend initializing all unused ports to eliminate wasted current consumption on unused pins.
remark #10372-D: (ULP 4.1) Detected uninitialized Port 3 in this project. Recommend initializing all unused ports to eliminate wasted current consumption on unused pins.
remark #10372-D: (ULP 4.1) Detected uninitialized Port 4 in this project. Recommend initializing all unused ports to eliminate wasted current consumption on unused pins.
remark #10372-D: (ULP 4.1) Detected uninitialized Port 5 in this project. Recommend initializing all unused ports to eliminate wasted current consumption on unused pins.
remark #10372-D: (ULP 4.1) Detected uninitialized Port 6 in this project. Recommend initializing all unused ports to eliminate wasted current consumption on unused pins.
remark #10372-D: (ULP 4.1) Detected uninitialized Port 7 in this project. Recommend initializing all unused ports to eliminate wasted current consumption on unused pins.
remark #10372-D: (ULP 4.1) Detected uninitialized Port 8 in this project. Recommend initializing all unused ports to eliminate wasted current consumption on unused pins.
remark #10372-D: (ULP 4.1) Detected uninitialized Port 9 in this project. Recommend initializing all unused ports to eliminate wasted current consumption on unused pins.
remark #10372-D: (ULP 4.1) Detected uninitialized Port 10 in this project. Recommend initializing all unused ports to eliminate wasted current consumption on unused pins.
Finished building target: "FreeRTOS-base.out"
 

**** Build Finished ****
